0 verbose cli /usr/local/nvm/versions/node/v16.4.0/bin/node /usr/local/nvm/versions/node/v16.4.0/bin/npm
1 info using npm@8.19.2
2 info using node@v16.4.0
3 timing npm:load:whichnode Completed in 0ms
4 timing config:load:defaults Completed in 2ms
5 timing config:load:file:/usr/local/nvm/versions/node/v16.4.0/lib/node_modules/npm/npmrc Completed in 0ms
6 timing config:load:builtin Completed in 0ms
7 timing config:load:cli Completed in 2ms
8 timing config:load:env Completed in 0ms
9 timing config:load:file:/home/user232/events-app/external/.npmrc Completed in 0ms
10 timing config:load:project Completed in 2ms
11 timing config:load:file:/home/user232/.npmrc Completed in 0ms
12 timing config:load:user Completed in 0ms
13 timing config:load:file:/usr/local/nvm/versions/node/v16.4.0/etc/npmrc Completed in 1ms
14 timing config:load:global Completed in 1ms
15 timing config:load:validate Completed in 0ms
16 timing config:load:credentials Completed in 1ms
17 timing config:load:setEnvs Completed in 1ms
18 timing config:load Completed in 9ms
19 timing npm:load:configload Completed in 9ms
20 timing npm:load:mkdirpcache Completed in 1ms
21 timing npm:load:mkdirplogs Completed in 1ms
22 verbose title npm install
23 verbose argv "install"
24 timing npm:load:setTitle Completed in 1ms
25 timing config:load:flatten Completed in 2ms
26 timing npm:load:display Completed in 4ms
27 verbose logfile logs-max:10 dir:/home/user232/.npm/_logs
28 verbose logfile /home/user232/.npm/_logs/2022-11-02T22_20_13_145Z-debug-0.log
29 timing npm:load:logFile Completed in 4ms
30 timing npm:load:timers Completed in 1ms
31 timing npm:load:configScope Completed in 0ms
32 timing npm:load Completed in 21ms
33 timing arborist:ctor Completed in 1ms
34 silly logfile done cleaning log files
35 timing idealTree:init Completed in 244ms
36 timing idealTree:userRequests Completed in 0ms
37 silly idealTree buildDeps
38 timing idealTree:#root Completed in 0ms
39 timing idealTree:buildDeps Completed in 2ms
40 timing idealTree:fixDepFlags Completed in 0ms
41 timing idealTree Completed in 253ms
42 timing reify:loadTrees Completed in 258ms
43 timing reify:diffTrees Completed in 4ms
44 silly reify moves {}
45 timing reify:retireShallow Completed in 1ms
46 timing reify:createSparse Completed in 70ms
47 timing reify:loadBundles Completed in 0ms
48 silly audit bulk request {
48 silly audit   '@ampproject/remapping': [ '2.1.2' ],
48 silly audit   '@babel/code-frame': [ '7.16.7' ],
48 silly audit   '@babel/compat-data': [ '7.17.0' ],
48 silly audit   '@babel/core': [ '7.17.5' ],
48 silly audit   debug: [ '4.3.3', '2.6.9', '3.2.6', '4.1.1' ],
48 silly audit   ms: [ '2.1.2', '2.0.0', '2.1.3', '2.1.1' ],
48 silly audit   semver: [ '6.3.0', '5.7.1' ],
48 silly audit   '@babel/generator': [ '7.17.3' ],
48 silly audit   'source-map': [ '0.5.7', '0.6.1' ],
48 silly audit   '@babel/helper-compilation-targets': [ '7.16.7' ],
48 silly audit   '@babel/helper-environment-visitor': [ '7.16.7' ],
48 silly audit   '@babel/helper-function-name': [ '7.16.7' ],
48 silly audit   '@babel/helper-get-function-arity': [ '7.16.7' ],
48 silly audit   '@babel/helper-hoist-variables': [ '7.16.7' ],
48 silly audit   '@babel/helper-module-imports': [ '7.16.7' ],
48 silly audit   '@babel/helper-module-transforms': [ '7.17.6' ],
48 silly audit   '@babel/helper-simple-access': [ '7.16.7' ],
48 silly audit   '@babel/helper-split-export-declaration': [ '7.16.7' ],
48 silly audit   '@babel/helper-validator-identifier': [ '7.16.7' ],
48 silly audit   '@babel/helper-validator-option': [ '7.16.7' ],
48 silly audit   '@babel/helpers': [ '7.17.2' ],
48 silly audit   '@babel/highlight': [ '7.16.10' ],
48 silly audit   'ansi-styles': [ '3.2.1', '4.3.0' ],
48 silly audit   chalk: [ '2.4.2', '4.1.2' ],
48 silly audit   'color-convert': [ '1.9.3', '2.0.1' ],
48 silly audit   'color-name': [ '1.1.3', '1.1.4' ],
48 silly audit   'escape-string-regexp': [ '1.0.5', '4.0.0' ],
48 silly audit   'has-flag': [ '3.0.0', '4.0.0' ],
48 silly audit   'supports-color': [ '5.5.0', '7.2.0', '8.1.1' ],
48 silly audit   '@babel/parser': [ '7.17.3' ],
48 silly audit   '@babel/template': [ '7.16.7' ],
48 silly audit   '@babel/traverse': [ '7.17.3' ],
48 silly audit   '@babel/types': [ '7.17.0' ],
48 silly audit   '@istanbuljs/load-nyc-config': [ '1.1.0' ],
48 silly audit   argparse: [ '1.0.10', '2.0.1' ],
48 silly audit   'find-up': [ '4.1.0', '5.0.0' ],
48 silly audit   'js-yaml': [ '3.14.1', '4.1.0' ],
48 silly audit   'locate-path': [ '5.0.0', '6.0.0' ],
48 silly audit   'p-limit': [ '2.3.0', '3.1.0' ],
48 silly audit   'p-locate': [ '4.1.0', '5.0.0' ],
48 silly audit   '@istanbuljs/schema': [ '0.1.3' ],
48 silly audit   '@jridgewell/resolve-uri': [ '3.0.5' ],
48 silly audit   '@jridgewell/sourcemap-codec': [ '1.4.11' ],
48 silly audit   '@jridgewell/trace-mapping': [ '0.3.4' ],
48 silly audit   '@ungap/promise-all-settled': [ '1.1.2' ],
48 silly audit   accepts: [ '1.3.7' ],
48 silly audit   'aggregate-error': [ '3.1.0' ],
48 silly audit   ajv: [ '6.12.6' ],
48 silly audit   'ansi-colors': [ '4.1.1' ],
48 silly audit   'ansi-regex': [ '5.0.1' ],
48 silly audit   anymatch: [ '3.1.2' ],
48 silly audit   'append-transform': [ '2.0.0' ],
48 silly audit   archy: [ '1.0.0' ],
48 silly audit   'array-flatten': [ '1.1.1' ],
48 silly audit   asn1: [ '0.2.4' ],
48 silly audit   'assert-plus': [ '1.0.0' ],
48 silly audit   'assertion-error': [ '1.1.0' ],
48 silly audit   asynckit: [ '0.4.0' ],
48 silly audit   'aws-sign2': [ '0.7.0' ],
48 silly audit   aws4: [ '1.9.1' ],
48 silly audit   'balanced-match': [ '1.0.0' ],
48 silly audit   'bcrypt-pbkdf': [ '1.0.2' ],
48 silly audit   'binary-extensions': [ '2.2.0' ],
48 silly audit   'body-parser': [ '1.19.0' ],
48 silly audit   qs: [ '6.7.0', '6.8.0', '6.5.2' ],
48 silly audit   'brace-expansion': [ '1.1.11' ],
48 silly audit   braces: [ '3.0.2' ],
48 silly audit   'browser-stdout': [ '1.3.1' ],
48 silly audit   browserslist: [ '4.19.3' ],
48 silly audit   bytes: [ '3.1.0' ],
48 silly audit   'caching-transform': [ '4.0.0' ],
48 silly audit   camelcase: [ '5.3.1', '6.3.0' ],
48 silly audit   'caniuse-lite': [ '1.0.30001312' ],
48 silly audit   caseless: [ '0.12.0' ],
48 silly audit   chai: [ '4.2.0' ],
48 silly audit   'check-error': [ '1.0.2' ],
48 silly audit   chokidar: [ '3.5.3' ],
48 silly audit   'clean-stack': [ '2.2.0' ],
48 silly audit   cliui: [ '7.0.4', '6.0.0' ],
48 silly audit   'combined-stream': [ '1.0.8' ],
48 silly audit   commander: [ '2.20.3' ],
48 silly audit   commondir: [ '1.0.1' ],
48 silly audit   'component-emitter': [ '1.3.0' ],
48 silly audit   'concat-map': [ '0.0.1' ],
48 silly audit   'content-disposition': [ '0.5.3' ],
48 silly audit   'content-type': [ '1.0.4' ],
48 silly audit   'convert-source-map': [ '1.8.0' ],
48 silly audit   cookie: [ '0.4.0' ],
48 silly audit   'cookie-signature': [ '1.0.6' ],
48 silly audit   cookiejar: [ '2.1.2' ],
48 silly audit   'core-util-is': [ '1.0.2' ],
48 silly audit   'cross-spawn': [ '7.0.3' ],
48 silly audit   dashdash: [ '1.14.1' ],
48 silly audit   decamelize: [ '1.2.0', '4.0.0' ],
48 silly audit   'deep-eql': [ '3.0.1' ],
48 silly audit   'deep-equal': [ '1.1.0' ],
48 silly audit   'default-require-extensions': [ '3.0.0' ],
48 silly audit   'define-properties': [ '1.1.3' ],
48 silly audit   'delayed-stream': [ '1.0.0' ],
48 silly audit   depd: [ '1.1.2' ],
48 silly audit   destroy: [ '1.0.4' ],
48 silly audit   diff: [ '5.0.0' ],
48 silly audit   'ecc-jsbn': [ '0.1.2' ],
48 silly audit   'ee-first': [ '1.1.1' ],
48 silly audit   'electron-to-chromium': [ '1.4.75' ],
48 silly audit   'emoji-regex': [ '8.0.0' ],
48 silly audit   encodeurl: [ '1.0.2' ],
48 silly audit   'es6-error': [ '4.1.1' ],
48 silly audit   escalade: [ '3.1.1' ],
48 silly audit   'escape-html': [ '1.0.3' ],
48 silly audit   esprima: [ '4.0.1' ],
48 silly audit   etag: [ '1.8.1' ],
48 silly audit   express: [ '4.17.1' ],
48 silly audit   'express-handlebars': [ '6.0.2' ],
48 silly audit   extend: [ '3.0.2' ],
48 silly audit   extsprintf: [ '1.3.0' ],
48 silly audit   'fast-deep-equal': [ '3.1.1' ],
48 silly audit   'fast-json-stable-stringify': [ '2.1.0' ],
48 silly audit   'fill-range': [ '7.0.1' ],
48 silly audit   finalhandler: [ '1.1.2' ],
48 silly audit   'find-cache-dir': [ '3.3.2' ],
48 silly audit   flat: [ '5.0.2' ],
48 silly audit   'foreground-child': [ '2.0.0' ],
48 silly audit   'forever-agent': [ '0.6.1' ],
48 silly audit   'form-data': [ '2.5.0', '2.3.3' ],
48 silly audit   formidable: [ '1.2.1' ],
48 silly audit   forwarded: [ '0.1.2' ],
48 silly audit   fresh: [ '0.5.2' ],
48 silly audit   fromentries: [ '1.3.2' ],
48 silly audit   'fs.realpath': [ '1.0.0' ],
48 silly audit   fsevents: [ '2.3.2' ],
48 silly audit   'function-bind': [ '1.1.1' ],
48 silly audit   gensync: [ '1.0.0-beta.2' ],
48 silly audit   'get-caller-file': [ '2.0.5' ],
48 silly audit   'get-func-name': [ '2.0.0' ],
48 silly audit   'get-package-type': [ '0.1.0' ],
48 silly audit   getpass: [ '0.1.7' ],
48 silly audit   glob: [ '7.2.0' ],
48 silly audit   'glob-parent': [ '5.1.2' ],
48 silly audit   globals: [ '11.12.0' ],
48 silly audit   'graceful-fs': [ '4.2.9' ],
48 silly audit   growl: [ '1.10.5' ],
48 silly audit   handlebars: [ '4.7.7' ],
48 silly audit   'har-schema': [ '2.0.0' ],
48 silly audit   'har-validator': [ '5.1.3' ],
48 silly audit   has: [ '1.0.3' ],
48 silly audit   hasha: [ '5.2.2' ],
48 silly audit   he: [ '1.2.0' ],
48 silly audit   'html-escaper': [ '2.0.2' ],
48 silly audit   'http-errors': [ '1.7.2' ],
48 silly audit   inherits: [ '2.0.3', '2.0.4' ],
48 silly audit   'http-signature': [ '1.2.0' ],
48 silly audit   'iconv-lite': [ '0.4.24' ],
48 silly audit   imurmurhash: [ '0.1.4' ],
48 silly audit   'indent-string': [ '4.0.0' ],
48 silly audit   inflight: [ '1.0.6' ],
48 silly audit   'ipaddr.js': [ '1.9.0' ],
48 silly audit   'is-arguments': [ '1.0.4' ],
48 silly audit   'is-binary-path': [ '2.1.0' ],
48 silly audit   'is-date-object': [ '1.0.1' ],
48 silly audit   'is-extglob': [ '2.1.1' ],
48 silly audit   'is-fullwidth-code-point': [ '3.0.0' ],
48 silly audit   'is-glob': [ '4.0.3' ],
48 silly audit   'is-number': [ '7.0.0' ],
48 silly audit   'is-plain-obj': [ '2.1.0' ],
48 silly audit   'is-regex': [ '1.0.4' ],
48 silly audit   'is-stream': [ '2.0.1' ],
48 silly audit   'is-typedarray': [ '1.0.0' ],
48 silly audit   'is-unicode-supported': [ '0.1.0' ],
48 silly audit   'is-windows': [ '1.0.2' ],
48 silly audit   isarray: [ '1.0.0' ],
48 silly audit   isexe: [ '2.0.0' ],
48 silly audit   isstream: [ '0.1.2' ],
48 silly audit   'istanbul-lib-coverage': [ '3.2.0' ],
48 silly audit   'istanbul-lib-hook': [ '3.0.0' ],
48 silly audit   'istanbul-lib-instrument': [ '4.0.3' ],
48 silly audit   'istanbul-lib-processinfo': [ '2.0.2' ],
48 silly audit   'istanbul-lib-report': [ '3.0.0' ],
48 silly audit   'istanbul-lib-source-maps': [ '4.0.1' ],
48 silly audit   'istanbul-reports': [ '3.1.4' ],
48 silly audit   'js-tokens': [ '4.0.0' ],
48 silly audit   jsbn: [ '0.1.1' ],
48 silly audit   jsesc: [ '2.5.2' ],
48 silly audit   'json-schema': [ '0.4.0' ],
48 silly audit   'json-schema-traverse': [ '0.4.1' ],
48 silly audit   'json-stringify-safe': [ '5.0.1' ],
48 silly audit   json5: [ '2.2.0' ],
48 silly audit   jsprim: [ '1.4.2' ],
48 silly audit   lodash: [ '4.17.21' ],
48 silly audit   'lodash.flattendeep': [ '4.4.0' ],
48 silly audit   'log-symbols': [ '4.1.0' ],
48 silly audit   'make-dir': [ '3.1.0' ],
48 silly audit   'media-typer': [ '0.3.0' ],
48 silly audit   'merge-descriptors': [ '1.0.1' ],
48 silly audit   methods: [ '1.1.2' ],
48 silly audit   mime: [ '1.6.0' ],
48 silly audit   'mime-db': [ '1.40.0' ],
48 silly audit   'mime-types': [ '2.1.24' ],
48 silly audit   minimatch: [ '3.0.4' ],
48 silly audit   minimist: [ '1.2.6' ],
48 silly audit   mkdirp: [ '0.5.5' ],
48 silly audit   mocha: [ '9.2.1' ],
48 silly audit   nanoid: [ '3.2.0' ],
48 silly audit   negotiator: [ '0.6.2' ],
48 silly audit   'neo-async': [ '2.6.1' ],
48 silly audit   nock: [ '10.0.6' ],
48 silly audit   'node-preload': [ '0.2.1' ],
48 silly audit   'node-releases': [ '2.0.2' ],
48 silly audit   'normalize-path': [ '3.0.0' ],
48 silly audit   nyc: [ '15.1.0' ],
48 silly audit   'wrap-ansi': [ '6.2.0', '7.0.0' ],
48 silly audit   y18n: [ '4.0.3', '5.0.8' ],
48 silly audit   yargs: [ '15.4.1', '16.2.0' ],
48 silly audit   'yargs-parser': [ '18.1.3', '20.2.4' ],
48 silly audit   'oauth-sign': [ '0.9.0' ],
48 silly audit   'object-is': [ '1.0.1' ],
48 silly audit   'object-keys': [ '1.1.1' ],
48 silly audit   'on-finished': [ '2.3.0' ],
48 silly audit   once: [ '1.4.0' ],
48 silly audit   'p-map': [ '3.0.0' ],
48 silly audit   'p-try': [ '2.2.0' ],
48 silly audit   'package-hash': [ '4.0.0' ],
48 silly audit   parseurl: [ '1.3.3' ],
48 silly audit   'path-exists': [ '4.0.0' ],
48 silly audit   'path-is-absolute': [ '1.0.1' ],
48 silly audit   'path-key': [ '3.1.1' ],
48 silly audit   'path-to-regexp': [ '0.1.7' ],
48 silly audit   pathval: [ '1.1.1' ],
48 silly audit   'performance-now': [ '2.1.0' ],
48 silly audit   picocolors: [ '1.0.0' ],
48 silly audit   picomatch: [ '2.3.1' ],
48 silly audit   'pkg-dir': [ '4.2.0' ],
48 silly audit   'process-nextick-args': [ '2.0.1' ],
48 silly audit   'process-on-spawn': [ '1.0.0' ],
48 silly audit   propagate: [ '1.0.0' ],
48 silly audit   'proxy-addr': [ '2.0.5' ],
48 silly audit   psl: [ '1.8.0' ],
48 silly audit   punycode: [ '2.1.1' ],
48 silly audit   randombytes: [ '2.1.0' ],
48 silly audit   'range-parser': [ '1.2.1' ],
48 silly audit   'raw-body': [ '2.4.0' ],
48 silly audit   'readable-stream': [ '2.3.6' ],
48 silly audit   readdirp: [ '3.6.0' ],
48 silly audit   'regexp.prototype.flags': [ '1.2.0' ],
48 silly audit   'release-zalgo': [ '1.0.0' ],
48 silly audit   request: [ '2.88.2' ],
48 silly audit   'require-directory': [ '2.1.1' ],
48 silly audit   'require-main-filename': [ '2.0.0' ],
48 silly audit   'resolve-from': [ '5.0.0' ],
48 silly audit   rimraf: [ '3.0.2' ],
48 silly audit   'safe-buffer': [ '5.1.2' ],
48 silly audit   'safer-buffer': [ '2.1.2' ],
48 silly audit   send: [ '0.17.1' ],
48 silly audit   'serialize-javascript': [ '6.0.0' ],
48 silly audit   'serve-static': [ '1.14.1' ],
48 silly audit   'set-blocking': [ '2.0.0' ],
48 silly audit   setprototypeof: [ '1.1.1' ],
48 silly audit   'shebang-command': [ '2.0.0' ],
48 silly audit   'shebang-regex': [ '3.0.0' ],
48 silly audit   'signal-exit': [ '3.0.7' ],
48 silly audit   'spawn-wrap': [ '2.0.0' ],
48 silly audit   'sprintf-js': [ '1.0.3' ],
48 silly audit   sshpk: [ '1.16.1' ],
48 silly audit   statuses: [ '1.5.0' ],
48 silly audit   string_decoder: [ '1.1.1' ],
48 silly audit   'string-width': [ '4.2.3' ],
48 silly audit   'strip-ansi': [ '6.0.1' ],
48 silly audit   'strip-bom': [ '4.0.0' ],
48 silly audit   'strip-json-comments': [ '3.1.1' ],
48 silly audit   superagent: [ '3.8.3' ],
48 silly audit   supertest: [ '4.0.2' ],
48 silly audit   'test-exclude': [ '6.0.0' ],
48 silly audit   'to-fast-properties': [ '2.0.0' ],
48 silly audit   'to-regex-range': [ '5.0.1' ],
48 silly audit   toidentifier: [ '1.0.0' ],
48 silly audit   'tough-cookie': [ '2.5.0' ],
48 silly audit   'tunnel-agent': [ '0.6.0' ],
48 silly audit   tweetnacl: [ '0.14.5' ],
48 silly audit   'type-detect': [ '4.0.8' ],
48 silly audit   'type-fest': [ '0.8.1' ],
48 silly audit   'type-is': [ '1.6.18' ],
48 silly audit   'typedarray-to-buffer': [ '3.1.5' ],
48 silly audit   'uglify-js': [ '3.9.2' ],
48 silly audit   unpipe: [ '1.0.0' ],
48 silly audit   'uri-js': [ '4.2.2' ],
48 silly audit   'util-deprecate': [ '1.0.2' ],
48 silly audit   'utils-merge': [ '1.0.1' ],
48 silly audit   uuid: [ '3.3.3' ],
48 silly audit   vary: [ '1.1.2' ],
48 silly audit   verror: [ '1.10.0' ],
48 silly audit   which: [ '2.0.2' ],
48 silly audit   'which-module': [ '2.0.0' ],
48 silly audit   wordwrap: [ '1.0.0' ],
48 silly audit   workerpool: [ '6.2.0' ],
48 silly audit   wrappy: [ '1.0.2' ],
48 silly audit   'write-file-atomic': [ '3.0.3' ],
48 silly audit   'yargs-unparser': [ '2.0.0' ],
48 silly audit   'yocto-queue': [ '0.1.0' ]
48 silly audit }
49 verbose reify failed optional dependency /home/user232/events-app/external/node_modules/fsevents
50 silly reify mark deleted [ '/home/user232/events-app/external/node_modules/fsevents' ]
51 timing reifyNode:node_modules/fsevents Completed in 92ms
52 silly tarball no local data for wordwrap@https://registry.npmjs.org/wordwrap/-/wordwrap-1.0.0.tgz. Extracting by manifest.
53 silly tarball no local data for verror@https://registry.npmjs.org/verror/-/verror-1.10.0.tgz. Extracting by manifest.
54 silly tarball no local data for uuid@https://registry.npmjs.org/uuid/-/uuid-3.3.3.tgz. Extracting by manifest.
55 silly tarball no local data for uri-js@https://registry.npmjs.org/uri-js/-/uri-js-4.2.2.tgz. Extracting by manifest.
56 silly tarball no local data for uglify-js@https://registry.npmjs.org/uglify-js/-/uglify-js-3.9.2.tgz. Extracting by manifest.
57 silly tarball no local data for tweetnacl@https://registry.npmjs.org/tweetnacl/-/tweetnacl-0.14.5.tgz. Extracting by manifest.
58 silly tarball no local data for tunnel-agent@https://registry.npmjs.org/tunnel-agent/-/tunnel-agent-0.6.0.tgz. Extracting by manifest.
59 silly tarball no local data for tough-cookie@https://registry.npmjs.org/tough-cookie/-/tough-cookie-2.5.0.tgz. Extracting by manifest.
60 silly tarball no local data for sshpk@https://registry.npmjs.org/sshpk/-/sshpk-1.16.1.tgz. Extracting by manifest.
61 silly tarball no local data for semver@https://registry.npmjs.org/semver/-/semver-5.7.1.tgz. Extracting by manifest.
62 silly tarball no local data for request@https://registry.npmjs.org/request/-/request-2.88.2.tgz. Extracting by manifest.
63 silly tarball no local data for regexp.prototype.flags@https://registry.npmjs.org/regexp.prototype.flags/-/regexp.prototype.flags-1.2.0.tgz. Extracting by manifest.
64 silly tarball no local data for readable-stream@https://registry.npmjs.org/readable-stream/-/readable-stream-2.3.6.tgz. Extracting by manifest.
65 silly tarball no local data for qs@https://registry.npmjs.org/qs/-/qs-6.8.0.tgz. Extracting by manifest.
66 silly tarball no local data for punycode@https://registry.npmjs.org/punycode/-/punycode-2.1.1.tgz. Extracting by manifest.
67 silly tarball no local data for psl@https://registry.npmjs.org/psl/-/psl-1.8.0.tgz. Extracting by manifest.
68 silly tarball no local data for propagate@https://registry.npmjs.org/propagate/-/propagate-1.0.0.tgz. Extracting by manifest.
69 silly tarball no local data for performance-now@https://registry.npmjs.org/performance-now/-/performance-now-2.1.0.tgz. Extracting by manifest.
70 silly tarball no local data for object-keys@https://registry.npmjs.org/object-keys/-/object-keys-1.1.1.tgz. Extracting by manifest.
71 silly tarball no local data for object-is@https://registry.npmjs.org/object-is/-/object-is-1.0.1.tgz. Extracting by manifest.
72 silly tarball no local data for oauth-sign@https://registry.npmjs.org/oauth-sign/-/oauth-sign-0.9.0.tgz. Extracting by manifest.
73 silly tarball no local data for nock@https://registry.npmjs.org/nock/-/nock-10.0.6.tgz. Extracting by manifest.
74 silly tarball no local data for neo-async@https://registry.npmjs.org/neo-async/-/neo-async-2.6.1.tgz. Extracting by manifest.
75 silly tarball no local data for mkdirp@https://registry.npmjs.org/mkdirp/-/mkdirp-0.5.5.tgz. Extracting by manifest.
76 silly tarball no local data for lodash@https://registry.npmjs.org/lodash/-/lodash-4.17.21.tgz. Extracting by manifest.
77 silly tarball no local data for jsprim@https://registry.npmjs.org/jsprim/-/jsprim-1.4.2.tgz. Extracting by manifest.
78 silly tarball no local data for json-stringify-safe@https://registry.npmjs.org/json-stringify-safe/-/json-stringify-safe-5.0.1.tgz. Extracting by manifest.
79 silly tarball no local data for json-schema-traverse@https://registry.npmjs.org/json-schema-traverse/-/json-schema-traverse-0.4.1.tgz. Extracting by manifest.
80 silly tarball no local data for json-schema@https://registry.npmjs.org/json-schema/-/json-schema-0.4.0.tgz. Extracting by manifest.
81 silly tarball no local data for jsbn@https://registry.npmjs.org/jsbn/-/jsbn-0.1.1.tgz. Extracting by manifest.
82 silly tarball no local data for isstream@https://registry.npmjs.org/isstream/-/isstream-0.1.2.tgz. Extracting by manifest.
83 silly tarball no local data for is-regex@https://registry.npmjs.org/is-regex/-/is-regex-1.0.4.tgz. Extracting by manifest.
84 silly tarball no local data for is-date-object@https://registry.npmjs.org/is-date-object/-/is-date-object-1.0.1.tgz. Extracting by manifest.
85 silly tarball no local data for is-arguments@https://registry.npmjs.org/is-arguments/-/is-arguments-1.0.4.tgz. Extracting by manifest.
86 silly tarball no local data for inherits@https://registry.npmjs.org/inherits/-/inherits-2.0.4.tgz. Extracting by manifest.
87 silly tarball no local data for http-signature@https://registry.npmjs.org/http-signature/-/http-signature-1.2.0.tgz. Extracting by manifest.
88 silly tarball no local data for has@https://registry.npmjs.org/has/-/has-1.0.3.tgz. Extracting by manifest.
89 silly tarball no local data for har-validator@https://registry.npmjs.org/har-validator/-/har-validator-5.1.3.tgz. Extracting by manifest.
90 silly tarball no local data for har-schema@https://registry.npmjs.org/har-schema/-/har-schema-2.0.0.tgz. Extracting by manifest.
91 silly tarball no local data for handlebars@https://registry.npmjs.org/handlebars/-/handlebars-4.7.7.tgz. Extracting by manifest.
92 silly tarball no local data for getpass@https://registry.npmjs.org/getpass/-/getpass-0.1.7.tgz. Extracting by manifest.
93 silly tarball no local data for function-bind@https://registry.npmjs.org/function-bind/-/function-bind-1.1.1.tgz. Extracting by manifest.
94 silly tarball no local data for forever-agent@https://registry.npmjs.org/forever-agent/-/forever-agent-0.6.1.tgz. Extracting by manifest.
95 silly tarball no local data for fast-json-stable-stringify@https://registry.npmjs.org/fast-json-stable-stringify/-/fast-json-stable-stringify-2.1.0.tgz. Extracting by manifest.
96 silly tarball no local data for fast-deep-equal@https://registry.npmjs.org/fast-deep-equal/-/fast-deep-equal-3.1.1.tgz. Extracting by manifest.
97 silly tarball no local data for extsprintf@https://registry.npmjs.org/extsprintf/-/extsprintf-1.3.0.tgz. Extracting by manifest.
98 silly tarball no local data for express-handlebars@https://registry.npmjs.org/express-handlebars/-/express-handlebars-6.0.2.tgz. Extracting by manifest.
99 silly tarball no local data for ecc-jsbn@https://registry.npmjs.org/ecc-jsbn/-/ecc-jsbn-0.1.2.tgz. Extracting by manifest.
100 silly tarball no local data for define-properties@https://registry.npmjs.org/define-properties/-/define-properties-1.1.3.tgz. Extracting by manifest.
101 silly tarball no local data for deep-equal@https://registry.npmjs.org/deep-equal/-/deep-equal-1.1.0.tgz. Extracting by manifest.
102 silly tarball no local data for dashdash@https://registry.npmjs.org/dashdash/-/dashdash-1.14.1.tgz. Extracting by manifest.
103 silly tarball no local data for commander@https://registry.npmjs.org/commander/-/commander-2.20.3.tgz. Extracting by manifest.
104 silly tarball no local data for caseless@https://registry.npmjs.org/caseless/-/caseless-0.12.0.tgz. Extracting by manifest.
105 silly tarball no local data for bcrypt-pbkdf@https://registry.npmjs.org/bcrypt-pbkdf/-/bcrypt-pbkdf-1.0.2.tgz. Extracting by manifest.
106 silly tarball no local data for aws4@https://registry.npmjs.org/aws4/-/aws4-1.9.1.tgz. Extracting by manifest.
107 silly tarball no local data for aws-sign2@https://registry.npmjs.org/aws-sign2/-/aws-sign2-0.7.0.tgz. Extracting by manifest.
108 silly tarball no local data for asn1@https://registry.npmjs.org/asn1/-/asn1-0.2.4.tgz. Extracting by manifest.
109 silly tarball no local data for assert-plus@https://registry.npmjs.org/assert-plus/-/assert-plus-1.0.0.tgz. Extracting by manifest.
110 silly tarball no local data for ajv@https://registry.npmjs.org/ajv/-/ajv-6.12.6.tgz. Extracting by manifest.
111 silly tarball no local data for qs@https://registry.npmjs.org/qs/-/qs-6.5.2.tgz. Extracting by manifest.
112 silly tarball no local data for form-data@https://registry.npmjs.org/form-data/-/form-data-2.3.3.tgz. Extracting by manifest.
113 silly tarball no local data for debug@https://registry.npmjs.org/debug/-/debug-4.1.1.tgz. Extracting by manifest.
114 http fetch POST 200 https://registry.npmjs.org/-/npm/v1/security/advisories/bulk 925ms
115 timing auditReport:getReport Completed in 931ms
116 silly audit report {
116 silly audit report   minimatch: [
116 silly audit report     {
116 silly audit report       id: 1084765,
116 silly audit report       url: 'https://github.com/advisories/GHSA-f8q6-p94x-37v3',
116 silly audit report       title: 'minimatch ReDoS vulnerability',
116 silly audit report       severity: 'high',
116 silly audit report       vulnerable_versions: '<3.0.5',
116 silly audit report       cwe: [Array],
116 silly audit report       cvss: [Object]
116 silly audit report     }
116 silly audit report   ]
116 silly audit report }
117 timing reifyNode:node_modules/wrappy Completed in 1282ms
118 timing reifyNode:node_modules/wrap-ansi Completed in 1282ms
119 timing reifyNode:node_modules/toidentifier Completed in 1282ms
120 timing reifyNode:node_modules/to-fast-properties Completed in 1282ms
121 timing reifyNode:node_modules/shebang-command Completed in 1283ms
122 timing reifyNode:node_modules/process-nextick-args Completed in 1280ms
123 timing reifyNode:node_modules/path-is-absolute Completed in 1281ms
124 timing reifyNode:node_modules/package-hash Completed in 1281ms
125 timing reifyNode:node_modules/once Completed in 1281ms
126 timing reifyNode:node_modules/normalize-path Completed in 1280ms
127 timing reifyNode:node_modules/ms Completed in 1280ms
128 timing reifyNode:node_modules/lodash.flattendeep Completed in 1280ms
129 timing reifyNode:node_modules/is-windows Completed in 1281ms
130 timing reifyNode:node_modules/is-number Completed in 1282ms
131 timing reifyNode:node_modules/is-extglob Completed in 1282ms
132 timing reifyNode:node_modules/inflight Completed in 1281ms
133 timing reifyNode:node_modules/imurmurhash Completed in 1281ms
134 timing reifyNode:node_modules/find-cache-dir Completed in 1281ms
135 timing reifyNode:node_modules/escape-html Completed in 1281ms
136 timing reifyNode:node_modules/ee-first Completed in 1282ms
137 timing reifyNode:node_modules/destroy Completed in 1281ms
138 timing reifyNode:node_modules/decamelize Completed in 1282ms
139 timing reifyNode:node_modules/convert-source-map Completed in 1283ms
140 timing reifyNode:node_modules/color-name Completed in 1283ms
141 timing reifyNode:node_modules/caching-transform Completed in 1283ms
142 timing reifyNode:node_modules/browser-stdout Completed in 1283ms
143 timing reifyNode:node_modules/brace-expansion Completed in 1283ms
144 timing reifyNode:node_modules/array-flatten Completed in 1283ms
145 timing reifyNode:node_modules/send/node_modules/debug/node_modules/ms Completed in 1306ms
146 timing reifyNode:node_modules/nyc/node_modules/wrap-ansi Completed in 1302ms
147 timing reifyNode:node_modules/mocha/node_modules/ms Completed in 1300ms
148 timing reifyNode:node_modules/mocha/node_modules/debug/node_modules/ms Completed in 1300ms
149 timing reifyNode:node_modules/istanbul-lib-source-maps/node_modules/ms Completed in 1299ms
150 timing reifyNode:node_modules/finalhandler/node_modules/ms Completed in 1295ms
151 timing reifyNode:node_modules/express/node_modules/ms Completed in 1295ms
152 timing reifyNode:node_modules/body-parser/node_modules/ms Completed in 1292ms
153 timing reifyNode:node_modules/@babel/traverse/node_modules/ms Completed in 1291ms
154 timing reifyNode:node_modules/@babel/highlight/node_modules/has-flag Completed in 1290ms
155 timing reifyNode:node_modules/@babel/highlight/node_modules/escape-string-regexp Completed in 1290ms
156 timing reifyNode:node_modules/@babel/highlight/node_modules/ansi-styles Completed in 1291ms
157 timing reifyNode:node_modules/@babel/core/node_modules/ms Completed in 1291ms
158 timing reifyNode:node_modules/yocto-queue Completed in 1362ms
159 timing reifyNode:node_modules/which-module Completed in 1363ms
160 timing reifyNode:node_modules/vary Completed in 1362ms
161 timing reifyNode:node_modules/utils-merge Completed in 1362ms
162 timing reifyNode:node_modules/unpipe Completed in 1362ms
163 timing reifyNode:node_modules/type-is Completed in 1363ms
164 timing reifyNode:node_modules/to-regex-range Completed in 1362ms
165 timing reifyNode:node_modules/supports-color Completed in 1363ms
166 timing reifyNode:node_modules/strip-json-comments Completed in 1363ms
167 timing reifyNode:node_modules/strip-bom Completed in 1363ms
168 timing reifyNode:node_modules/strip-ansi Completed in 1364ms
169 timing reifyNode:node_modules/string-width Completed in 1364ms
170 timing reifyNode:node_modules/signal-exit Completed in 1364ms
171 timing reifyNode:node_modules/shebang-regex Completed in 1364ms
172 timing reifyNode:node_modules/set-blocking Completed in 1364ms
173 timing reifyNode:node_modules/serialize-javascript Completed in 1364ms
174 timing reifyNode:node_modules/resolve-from Completed in 1364ms
175 timing reifyNode:node_modules/require-main-filename Completed in 1364ms
176 timing reifyNode:node_modules/range-parser Completed in 1362ms
177 timing reifyNode:node_modules/process-on-spawn Completed in 1362ms
178 timing reifyNode:node_modules/pkg-dir Completed in 1361ms
179 timing reifyNode:node_modules/path-to-regexp Completed in 1362ms
180 timing reifyNode:node_modules/path-key Completed in 1362ms
181 timing reifyNode:node_modules/path-exists Completed in 1362ms
182 timing reifyNode:node_modules/parseurl Completed in 1361ms
183 timing reifyNode:node_modules/p-try Completed in 1361ms
184 timing reifyNode:node_modules/p-map Completed in 1361ms
185 timing reifyNode:node_modules/p-limit Completed in 1362ms
186 timing reifyNode:node_modules/p-locate Completed in 1362ms
187 timing reifyNode:node_modules/on-finished Completed in 1361ms
188 timing reifyNode:node_modules/mime-types Completed in 1359ms
189 timing reifyNode:node_modules/methods Completed in 1360ms
190 timing reifyNode:node_modules/merge-descriptors Completed in 1360ms
191 timing reifyNode:node_modules/media-typer Completed in 1360ms
192 timing reifyNode:node_modules/make-dir Completed in 1360ms
193 timing reifyNode:node_modules/locate-path Completed in 1360ms
194 timing reifyNode:node_modules/is-unicode-supported Completed in 1360ms
195 timing reifyNode:node_modules/is-typedarray Completed in 1360ms
196 timing reifyNode:node_modules/is-stream Completed in 1360ms
197 timing reifyNode:node_modules/is-plain-obj Completed in 1361ms
198 timing reifyNode:node_modules/is-glob Completed in 1362ms
199 timing reifyNode:node_modules/is-fullwidth-code-point Completed in 1362ms
200 timing reifyNode:node_modules/is-binary-path Completed in 1362ms
201 timing reifyNode:node_modules/indent-string Completed in 1362ms
202 timing reifyNode:node_modules/has-flag Completed in 1368ms
203 timing reifyNode:node_modules/glob-parent Completed in 1368ms
204 timing reifyNode:node_modules/get-func-name Completed in 1369ms
205 timing reifyNode:node_modules/fromentries Completed in 1369ms
206 timing reifyNode:node_modules/fresh Completed in 1369ms
207 timing reifyNode:node_modules/forwarded Completed in 1368ms
208 timing reifyNode:node_modules/find-up Completed in 1369ms
209 timing reifyNode:node_modules/finalhandler Completed in 1370ms
210 timing reifyNode:node_modules/fill-range Completed in 1370ms
211 timing reifyNode:node_modules/etag Completed in 1369ms
212 timing reifyNode:node_modules/escape-string-regexp Completed in 1369ms
213 timing reifyNode:node_modules/encodeurl Completed in 1371ms
214 timing reifyNode:node_modules/default-require-extensions Completed in 1371ms
215 timing reifyNode:node_modules/cookiejar Completed in 1371ms
216 timing reifyNode:node_modules/cookie-signature Completed in 1371ms
217 timing reifyNode:node_modules/content-type Completed in 1371ms
218 timing reifyNode:node_modules/component-emitter Completed in 1371ms
219 timing reifyNode:node_modules/clean-stack Completed in 1372ms
220 timing reifyNode:node_modules/camelcase Completed in 1371ms
221 timing reifyNode:node_modules/bytes Completed in 1371ms
222 timing reifyNode:node_modules/balanced-match Completed in 1372ms
223 timing reifyNode:node_modules/assertion-error Completed in 1371ms
224 timing reifyNode:node_modules/append-transform Completed in 1371ms
225 timing reifyNode:node_modules/anymatch Completed in 1372ms
226 timing reifyNode:node_modules/ansi-regex Completed in 1372ms
227 timing reifyNode:node_modules/aggregate-error Completed in 1372ms
228 timing reifyNode:node_modules/accepts Completed in 1372ms
229 timing reifyNode:node_modules/@babel/highlight Completed in 1371ms
230 timing reifyNode:node_modules/@babel/helper-split-export-declaration Completed in 1371ms
231 timing reifyNode:node_modules/@babel/helper-simple-access Completed in 1371ms
232 timing reifyNode:node_modules/@babel/helper-hoist-variables Completed in 1371ms
233 timing reifyNode:node_modules/@babel/helper-get-function-arity Completed in 1371ms
234 timing reifyNode:node_modules/@babel/helper-function-name Completed in 1372ms
235 timing reifyNode:node_modules/@babel/helper-environment-visitor Completed in 1372ms
236 timing reifyNode:node_modules/yargs-unparser/node_modules/decamelize Completed in 1399ms
237 timing reifyNode:node_modules/yargs-unparser/node_modules/camelcase Completed in 1399ms
238 timing reifyNode:node_modules/pkg-dir/node_modules/p-locate Completed in 1391ms
239 timing reifyNode:node_modules/pkg-dir/node_modules/p-limit Completed in 1391ms
240 timing reifyNode:node_modules/pkg-dir/node_modules/locate-path Completed in 1391ms
241 timing reifyNode:node_modules/pkg-dir/node_modules/find-up Completed in 1391ms
242 timing reifyNode:node_modules/nyc/node_modules/y18n Completed in 1390ms
243 timing reifyNode:node_modules/@babel/code-frame Completed in 1373ms
244 timing reifyNode:node_modules/nyc/node_modules/p-locate Completed in 1389ms
245 timing reifyNode:node_modules/nyc/node_modules/p-limit Completed in 1389ms
246 timing reifyNode:node_modules/nyc/node_modules/locate-path Completed in 1389ms
247 timing reifyNode:node_modules/nyc/node_modules/find-up Completed in 1390ms
248 timing reifyNode:node_modules/istanbul-lib-report/node_modules/supports-color Completed in 1387ms
249 timing reifyNode:node_modules/http-errors/node_modules/inherits Completed in 1386ms
250 timing reifyNode:node_modules/chalk/node_modules/supports-color Completed in 1381ms
251 timing reifyNode:node_modules/@istanbuljs/load-nyc-config/node_modules/p-locate Completed in 1379ms
252 timing reifyNode:node_modules/@istanbuljs/load-nyc-config/node_modules/p-limit Completed in 1379ms
253 timing reifyNode:node_modules/@istanbuljs/load-nyc-config/node_modules/locate-path Completed in 1379ms
254 timing reifyNode:node_modules/@istanbuljs/load-nyc-config/node_modules/find-up Completed in 1379ms
255 timing reifyNode:node_modules/@babel/highlight/node_modules/supports-color Completed in 1379ms
256 timing reifyNode:node_modules/yargs-unparser Completed in 1442ms
257 timing reifyNode:node_modules/write-file-atomic Completed in 1442ms
258 timing reifyNode:node_modules/util-deprecate Completed in 1441ms
259 timing reifyNode:node_modules/proxy-addr Completed in 1437ms
260 timing reifyNode:node_modules/pathval Completed in 1437ms
261 timing reifyNode:node_modules/minimatch Completed in 1432ms
262 timing reifyNode:node_modules/log-symbols Completed in 1433ms
263 timing reifyNode:node_modules/js-tokens Completed in 1432ms
264 timing reifyNode:node_modules/http-errors Completed in 1432ms
265 timing reifyNode:node_modules/get-caller-file Completed in 1432ms
266 timing reifyNode:node_modules/fs.realpath Completed in 1433ms
267 timing reifyNode:node_modules/foreground-child Completed in 1432ms
268 timing reifyNode:node_modules/cookie Completed in 1432ms
269 timing reifyNode:node_modules/combined-stream Completed in 1431ms
270 timing reifyNode:node_modules/ansi-styles Completed in 1431ms
271 timing reifyNode:node_modules/@istanbuljs/load-nyc-config Completed in 1430ms
272 timing reifyNode:node_modules/which Completed in 1499ms
273 timing reifyNode:node_modules/supertest Completed in 1498ms
274 timing reifyNode:node_modules/string_decoder Completed in 1497ms
275 timing reifyNode:node_modules/setprototypeof Completed in 1497ms
276 timing reifyNode:node_modules/serve-static Completed in 1498ms
277 timing reifyNode:node_modules/safe-buffer Completed in 1497ms
278 timing reifyNode:node_modules/readdirp Completed in 1495ms
279 timing reifyNode:node_modules/picocolors Completed in 1494ms
280 timing reifyNode:node_modules/istanbul-lib-processinfo Completed in 1490ms
281 timing reifyNode:node_modules/hasha Completed in 1489ms
282 timing reifyNode:node_modules/globals Completed in 1489ms
283 timing reifyNode:node_modules/delayed-stream Completed in 1488ms
284 timing reifyNode:node_modules/content-disposition Completed in 1487ms
285 timing reifyNode:node_modules/check-error Completed in 1488ms
286 timing reifyNode:node_modules/binary-extensions Completed in 1488ms
287 timing reifyNode:node_modules/@istanbuljs/schema Completed in 1488ms
288 timing reifyNode:node_modules/@babel/helper-validator-option Completed in 1487ms
289 timing reifyNode:node_modules/nyc/node_modules/cliui Completed in 1503ms
290 timing reifyNode:node_modules/@babel/highlight/node_modules/color-name Completed in 1491ms
291 timing metavuln:cache:get:security-advisory:minimatch:+9SGwmlcalAea11K2GVsvQfjWw965zBttp7hAKanb2xCp8W9Pig14zX2S2nTcC9KSa0UHmcdnjQhUZp3zlW5IQ== Completed in 596ms
292 timing reifyNode:node_modules/typedarray-to-buffer Completed in 1561ms
293 timing reifyNode:node_modules/type-detect Completed in 1561ms
294 timing reifyNode:node_modules/send Completed in 1559ms
295 timing reifyNode:node_modules/rimraf Completed in 1559ms
296 timing reifyNode:node_modules/require-directory Completed in 1557ms
297 timing reifyNode:node_modules/raw-body Completed in 1556ms
298 timing reifyNode:node_modules/randombytes Completed in 1557ms
299 timing reifyNode:node_modules/isarray Completed in 1551ms
300 timing reifyNode:node_modules/commondir Completed in 1547ms
301 timing reifyNode:node_modules/statuses Completed in 1591ms
302 timing reifyNode:node_modules/istanbul-lib-hook Completed in 1584ms
303 timing reifyNode:node_modules/get-package-type Completed in 1587ms
304 timing reifyNode:node_modules/deep-eql Completed in 1585ms
305 timing reifyNode:node_modules/core-util-is Completed in 1586ms
306 timing reifyNode:node_modules/concat-map Completed in 1585ms
307 timing reifyNode:node_modules/color-convert Completed in 1585ms
308 timing reifyNode:node_modules/ansi-colors Completed in 1584ms
309 timing reifyNode:node_modules/@babel/helper-validator-identifier Completed in 1583ms
310 timing reifyNode:node_modules/mocha/node_modules/debug Completed in 1598ms
311 timing reifyNode:node_modules/istanbul-lib-source-maps/node_modules/debug Completed in 1596ms
312 timing reifyNode:node_modules/@babel/traverse/node_modules/debug Completed in 1588ms
313 timing reifyNode:node_modules/@babel/highlight/node_modules/color-convert Completed in 1587ms
314 timing reifyNode:node_modules/@babel/core/node_modules/debug Completed in 1586ms
315 timing reifyNode:node_modules/test-exclude Completed in 1637ms
316 timing reifyNode:node_modules/safer-buffer Completed in 1636ms
317 timing reifyNode:node_modules/release-zalgo Completed in 1634ms
318 timing reifyNode:node_modules/isexe Completed in 1627ms
319 timing reifyNode:node_modules/graceful-fs Completed in 1625ms
320 timing reifyNode:node_modules/flat Completed in 1625ms
321 timing reifyNode:node_modules/extend Completed in 1625ms
322 timing reifyNode:node_modules/es6-error Completed in 1624ms
323 timing reifyNode:node_modules/@ungap/promise-all-settled Completed in 1622ms
324 timing reifyNode:node_modules/@babel/helper-module-imports Completed in 1620ms
325 timing reifyNode:node_modules/@babel/highlight/node_modules/chalk Completed in 1623ms
326 timing reifyNode:node_modules/negotiator Completed in 1651ms
327 timing reifyNode:node_modules/ipaddr.js Completed in 1648ms
328 timing reifyNode:node_modules/glob Completed in 1648ms
329 timing reifyNode:node_modules/gensync Completed in 1648ms
330 timing reifyNode:node_modules/form-data Completed in 1647ms
331 timing reifyNode:node_modules/escalade Completed in 1647ms
332 timing reifyNode:node_modules/chalk Completed in 1646ms
333 timing reifyNode:node_modules/node-releases Completed in 1685ms
334 timing reifyNode:node_modules/jsesc Completed in 1685ms
335 timing reifyNode:node_modules/emoji-regex Completed in 1681ms
336 timing reifyNode:node_modules/cross-spawn Completed in 1683ms
337 timing reifyNode:node_modules/archy Completed in 1681ms
338 timing reifyNode:node_modules/@babel/helper-compilation-targets Completed in 1679ms
339 timing reifyNode:node_modules/node-preload Completed in 1709ms
340 timing reifyNode:node_modules/@babel/helper-module-transforms Completed in 1699ms
341 timing reifyNode:node_modules/nyc/node_modules/yargs-parser Completed in 1715ms
342 timing reifyNode:node_modules/make-dir/node_modules/semver Completed in 1713ms
343 timing reifyNode:node_modules/istanbul-lib-instrument/node_modules/semver Completed in 1711ms
344 timing reifyNode:node_modules/@babel/helper-compilation-targets/node_modules/semver Completed in 1701ms
345 timing reifyNode:node_modules/@babel/core/node_modules/semver Completed in 1702ms
346 timing reifyNode:node_modules/y18n Completed in 1741ms
347 timing reifyNode:node_modules/cliui Completed in 1722ms
348 timing reifyNode:node_modules/@jridgewell/sourcemap-codec Completed in 1720ms
349 timing reifyNode:node_modules/@jridgewell/resolve-uri Completed in 1721ms
350 timing reifyNode:node_modules/@babel/template Completed in 1720ms
351 timing reifyNode:node_modules/mime Completed in 1753ms
352 timing reifyNode:node_modules/istanbul-lib-coverage Completed in 1752ms
353 timing reifyNode:node_modules/html-escaper Completed in 1751ms
354 timing reifyNode:node_modules/istanbul-lib-source-maps Completed in 1768ms
355 timing reifyNode:node_modules/istanbul-lib-report Completed in 1769ms
356 timing reifyNode:node_modules/he Completed in 1767ms
357 timing reifyNode:node_modules/growl Completed in 1766ms
358 timing reifyNode:node_modules/debug Completed in 1764ms
359 timing reifyNode:node_modules/braces Completed in 1762ms
360 timing reifyNode:node_modules/istanbul-lib-instrument Completed in 1789ms
361 timing reifyNode:node_modules/browserslist Completed in 1781ms
362 timing reifyNode:node_modules/@jridgewell/trace-mapping Completed in 1780ms
363 timing reifyNode:node_modules/picomatch Completed in 1807ms
364 timing reifyNode:node_modules/mime-db Completed in 1803ms
365 timing reifyNode:node_modules/depd Completed in 1797ms
366 timing reifyNode:node_modules/chokidar Completed in 1796ms
367 timing reifyNode:node_modules/body-parser Completed in 1795ms
368 timing reifyNode:node_modules/argparse Completed in 1795ms
369 timing reifyNode:node_modules/yargs-parser Completed in 1830ms
370 timing reifyNode:node_modules/@babel/compat-data Completed in 1821ms
371 timing reifyNode:node_modules/asynckit Completed in 1841ms
372 http fetch GET 200 https://registry.npmjs.org/json-schema/-/json-schema-0.4.0.tgz 1590ms (cache miss)
373 timing reifyNode:node_modules/json-schema Completed in 1855ms
374 http fetch GET 200 https://registry.npmjs.org/fast-json-stable-stringify/-/fast-json-stable-stringify-2.1.0.tgz 1552ms (cache miss)
375 timing reifyNode:node_modules/send/node_modules/debug Completed in 1875ms
376 timing reifyNode:node_modules/@ampproject/remapping Completed in 1852ms
377 timing reifyNode:node_modules/finalhandler/node_modules/debug Completed in 1861ms
378 timing reifyNode:node_modules/express/node_modules/debug Completed in 1861ms
379 timing reifyNode:node_modules/body-parser/node_modules/debug Completed in 1858ms
380 http fetch GET 200 https://registry.npmjs.org/propagate/-/propagate-1.0.0.tgz 1621ms (cache miss)
381 timing reifyNode:node_modules/propagate Completed in 1876ms
382 http fetch GET 200 https://registry.npmjs.org/har-validator/-/har-validator-5.1.3.tgz 1589ms (cache miss)
383 timing reifyNode:node_modules/har-validator Completed in 1873ms
384 http fetch GET 200 https://registry.npmjs.org/forever-agent/-/forever-agent-0.6.1.tgz 1573ms (cache miss)
385 timing reifyNode:node_modules/forever-agent Completed in 1872ms
386 http fetch GET 200 https://registry.npmjs.org/fast-deep-equal/-/fast-deep-equal-3.1.1.tgz 1570ms (cache miss)
387 timing reifyNode:node_modules/spawn-wrap Completed in 1899ms
388 http fetch GET 200 https://registry.npmjs.org/tunnel-agent/-/tunnel-agent-0.6.0.tgz 1661ms (cache miss)
389 timing reifyNode:node_modules/tunnel-agent Completed in 1909ms
390 http fetch GET 200 https://registry.npmjs.org/object-keys/-/object-keys-1.1.1.tgz 1645ms (cache miss)
391 timing reifyNode:node_modules/object-keys Completed in 1901ms
392 http fetch GET 200 https://registry.npmjs.org/object-is/-/object-is-1.0.1.tgz 1645ms (cache miss)
393 timing reifyNode:node_modules/object-is Completed in 1901ms
394 http fetch GET 200 https://registry.npmjs.org/mkdirp/-/mkdirp-0.5.5.tgz 1640ms (cache miss)
395 timing reifyNode:node_modules/mkdirp Completed in 1898ms
396 http fetch GET 200 https://registry.npmjs.org/inherits/-/inherits-2.0.4.tgz 1617ms (cache miss)
397 timing reifyNode:node_modules/inherits Completed in 1897ms
398 timing reifyNode:node_modules/sprintf-js Completed in 1914ms
399 timing reifyNode:node_modules/formidable Completed in 1901ms
400 timing reifyNode:node_modules/electron-to-chromium Completed in 1900ms
401 http fetch GET 200 https://registry.npmjs.org/punycode/-/punycode-2.1.1.tgz 1662ms (cache miss)
402 timing reifyNode:node_modules/punycode Completed in 1915ms
403 http fetch GET 200 https://registry.npmjs.org/regexp.prototype.flags/-/regexp.prototype.flags-1.2.0.tgz 1666ms (cache miss)
404 timing reifyNode:node_modules/regexp.prototype.flags Completed in 1918ms
405 http fetch GET 200 https://registry.npmjs.org/performance-now/-/performance-now-2.1.0.tgz 1663ms (cache miss)
406 http fetch GET 200 https://registry.npmjs.org/json-stringify-safe/-/json-stringify-safe-5.0.1.tgz 1651ms (cache miss)
407 timing reifyNode:node_modules/json-stringify-safe Completed in 1913ms
408 http fetch GET 200 https://registry.npmjs.org/is-date-object/-/is-date-object-1.0.1.tgz 1635ms (cache miss)
409 timing reifyNode:node_modules/is-date-object Completed in 1912ms
410 http fetch GET 200 https://registry.npmjs.org/http-signature/-/http-signature-1.2.0.tgz 1631ms (cache miss)
411 http fetch GET 200 https://registry.npmjs.org/has/-/has-1.0.3.tgz 1630ms (cache miss)
412 timing reifyNode:node_modules/has Completed in 1913ms
413 http fetch GET 200 https://registry.npmjs.org/har-schema/-/har-schema-2.0.0.tgz 1628ms (cache miss)
414 timing reifyNode:node_modules/fast-deep-equal Completed in 1912ms
415 http fetch GET 200 https://registry.npmjs.org/oauth-sign/-/oauth-sign-0.9.0.tgz 1673ms (cache miss)
416 timing reifyNode:node_modules/oauth-sign Completed in 1930ms
417 http fetch GET 200 https://registry.npmjs.org/is-regex/-/is-regex-1.0.4.tgz 1649ms (cache miss)
418 timing reifyNode:node_modules/is-regex Completed in 1926ms
419 timing reifyNode:node_modules/http-signature Completed in 1926ms
420 http fetch GET 200 https://registry.npmjs.org/function-bind/-/function-bind-1.1.1.tgz 1634ms (cache miss)
421 timing reifyNode:node_modules/function-bind Completed in 1925ms
422 http fetch GET 200 https://registry.npmjs.org/aws4/-/aws4-1.9.1.tgz 1603ms (cache miss)
423 timing reifyNode:node_modules/aws4 Completed in 1922ms
424 timing reifyNode:node_modules/type-fest Completed in 1944ms
425 http fetch GET 200 https://registry.npmjs.org/jsbn/-/jsbn-0.1.1.tgz 1671ms (cache miss)
426 timing reifyNode:node_modules/jsbn Completed in 1938ms
427 http fetch GET 200 https://registry.npmjs.org/isstream/-/isstream-0.1.2.tgz 1662ms (cache miss)
428 timing reifyNode:node_modules/isstream Completed in 1937ms
429 http fetch GET 200 https://registry.npmjs.org/aws-sign2/-/aws-sign2-0.7.0.tgz 1610ms (cache miss)
430 timing reifyNode:node_modules/aws-sign2 Completed in 1931ms
431 timing reifyNode:node_modules/minimist Completed in 1945ms
432 timing reifyNode:node_modules/@babel/helpers Completed in 1935ms
433 timing reifyNode:node_modules/performance-now Completed in 1954ms
434 http fetch GET 200 https://registry.npmjs.org/is-arguments/-/is-arguments-1.0.4.tgz 1668ms (cache miss)
435 timing reifyNode:node_modules/is-arguments Completed in 1948ms
436 http fetch GET 200 https://registry.npmjs.org/getpass/-/getpass-0.1.7.tgz 1658ms (cache miss)
437 timing reifyNode:node_modules/getpass Completed in 1947ms
438 http fetch GET 200 https://registry.npmjs.org/asn1/-/asn1-0.2.4.tgz 1617ms (cache miss)
439 timing reifyNode:node_modules/asn1 Completed in 1942ms
440 timing reifyNode:node_modules/esprima Completed in 1948ms
441 http fetch GET 200 https://registry.npmjs.org/verror/-/verror-1.10.0.tgz 1729ms (cache miss)
442 timing reifyNode:node_modules/verror Completed in 1970ms
443 http fetch GET 200 https://registry.npmjs.org/jsprim/-/jsprim-1.4.2.tgz 1696ms (cache miss)
444 timing reifyNode:node_modules/jsprim Completed in 1957ms
445 http fetch GET 200 https://registry.npmjs.org/define-properties/-/define-properties-1.1.3.tgz 1650ms (cache miss)
446 timing reifyNode:node_modules/define-properties Completed in 1958ms
447 http fetch GET 200 https://registry.npmjs.org/commander/-/commander-2.20.3.tgz 1645ms (cache miss)
448 timing reifyNode:node_modules/commander Completed in 1957ms
449 http fetch GET 200 https://registry.npmjs.org/caseless/-/caseless-0.12.0.tgz 1643ms (cache miss)
450 timing reifyNode:node_modules/caseless Completed in 1957ms
451 http fetch GET 200 https://registry.npmjs.org/bcrypt-pbkdf/-/bcrypt-pbkdf-1.0.2.tgz 1641ms (cache miss)
452 timing reifyNode:node_modules/bcrypt-pbkdf Completed in 1958ms
453 http fetch GET 200 https://registry.npmjs.org/minimatch 1061ms (cache revalidated)
454 timing metavuln:packument:minimatch Completed in 1062ms
455 timing metavuln:load:security-advisory:minimatch:1084765 Completed in 1ms
456 timing metavuln:calculate:security-advisory:minimatch:1084765 Completed in 1063ms
457 http fetch GET 200 https://registry.npmjs.org/json-schema-traverse/-/json-schema-traverse-0.4.1.tgz 1716ms (cache miss)
458 timing reifyNode:node_modules/json-schema-traverse Completed in 1980ms
459 http fetch GET 200 https://registry.npmjs.org/deep-equal/-/deep-equal-1.1.0.tgz 1666ms (cache miss)
460 timing reifyNode:node_modules/deep-equal Completed in 1974ms
461 http fetch GET 200 https://registry.npmjs.org/assert-plus/-/assert-plus-1.0.0.tgz 1648ms (cache miss)
462 timing reifyNode:node_modules/assert-plus Completed in 1974ms
463 timing reifyNode:node_modules/fast-json-stable-stringify Completed in 1985ms
464 http fetch GET 200 https://registry.npmjs.org/ecc-jsbn/-/ecc-jsbn-0.1.2.tgz 1678ms (cache miss)
465 timing reifyNode:node_modules/ecc-jsbn Completed in 1985ms
466 timing reifyNode:node_modules/nanoid Completed in 1994ms
467 timing reifyNode:node_modules/express/node_modules/qs Completed in 1994ms
468 timing reifyNode:node_modules/body-parser/node_modules/qs Completed in 1991ms
469 http fetch GET 200 https://registry.npmjs.org/tough-cookie/-/tough-cookie-2.5.0.tgz 1772ms (cache miss)
470 timing reifyNode:node_modules/tough-cookie Completed in 2019ms
471 timing reifyNode:node_modules/har-schema Completed in 2007ms
472 timing reifyNode:node_modules/express Completed in 2008ms
473 http fetch GET 200 https://registry.npmjs.org/semver/-/semver-5.7.1.tgz 1774ms (cache miss)
474 timing reifyNode:node_modules/semver Completed in 2024ms
475 http fetch GET 200 https://registry.npmjs.org/dashdash/-/dashdash-1.14.1.tgz 1701ms (cache miss)
476 timing reifyNode:node_modules/dashdash Completed in 2011ms
477 timing reifyNode:node_modules/nyc Completed in 2027ms
478 timing reifyNode:node_modules/@babel/generator Completed in 2012ms
479 http fetch GET 200 https://registry.npmjs.org/uuid/-/uuid-3.3.3.tgz 1797ms (cache miss)
480 timing reifyNode:node_modules/uuid Completed in 2038ms
481 http fetch GET 200 https://registry.npmjs.org/wordwrap/-/wordwrap-1.0.0.tgz 1801ms (cache miss)
482 timing reifyNode:node_modules/wordwrap Completed in 2040ms
483 http fetch GET 200 https://registry.npmjs.org/extsprintf/-/extsprintf-1.3.0.tgz 1720ms (cache miss)
484 timing reifyNode:node_modules/extsprintf Completed in 2024ms
485 http fetch GET 200 https://registry.npmjs.org/form-data/-/form-data-2.3.3.tgz 1681ms (cache miss)
486 timing reifyNode:node_modules/request/node_modules/form-data Completed in 2036ms
487 timing metavuln:cache:get:security-advisory:glob:8cK6ytb/RSxrSj+1aKddYNGqgjq+ZlC9b/wTQ/E6gbkVmwZ+1VaFxwvytvtwrxOFpOwciONFMcZmlIHBTqvLUw== Completed in 65ms
488 timing metavuln:cache:get:security-advisory:mocha:jK75FK8N2lB+gT1olRrEGbf/UZZ5e4rk4TBBx295HMYUimFDVn67Yor/pF6cQ75/SsrO1hd9sU1DUd9eJig2zQ== Completed in 64ms
489 timing metavuln:cache:get:security-advisory:test-exclude:YW/AHrOzAn0Cb/0OeXkc5Bl2iFhuTX5WtopC6JPoh8RQDZ6Eunn3zpLjmz4JcM60QT4lE8AkYHvVAISNLcjQIQ== Completed in 63ms
490 timing reifyNode:node_modules/json5 Completed in 2050ms
491 http fetch GET 200 https://registry.npmjs.org/debug/-/debug-4.1.1.tgz 1697ms (cache miss)
492 timing reifyNode:node_modules/nock/node_modules/debug Completed in 2056ms
493 timing reifyNode:node_modules/@istanbuljs/load-nyc-config/node_modules/argparse Completed in 2070ms
494 timing reifyNode:node_modules/iconv-lite Completed in 2089ms
495 timing reifyNode:node_modules/workerpool Completed in 2128ms
496 http fetch GET 200 https://registry.npmjs.org/qs/-/qs-6.5.2.tgz 1784ms (cache miss)
497 timing reifyNode:node_modules/request/node_modules/qs Completed in 2138ms
498 http fetch GET 200 https://registry.npmjs.org/readable-stream/-/readable-stream-2.3.6.tgz 1895ms (cache miss)
499 timing reifyNode:node_modules/readable-stream Completed in 2147ms
500 timing reifyNode:node_modules/superagent Completed in 2190ms
501 http fetch GET 200 https://registry.npmjs.org/mocha 207ms (cache revalidated)
502 timing metavuln:packument:mocha Completed in 212ms
503 timing metavuln:load:security-advisory:mocha:+9SGwmlcalAea11K2GVsvQfjWw965zBttp7hAKanb2xCp8W9Pig14zX2S2nTcC9KSa0UHmcdnjQhUZp3zlW5IQ== Completed in 1ms
504 timing metavuln:calculate:security-advisory:mocha:+9SGwmlcalAea11K2GVsvQfjWw965zBttp7hAKanb2xCp8W9Pig14zX2S2nTcC9KSa0UHmcdnjQhUZp3zlW5IQ== Completed in 214ms
505 http fetch GET 200 https://registry.npmjs.org/tweetnacl/-/tweetnacl-0.14.5.tgz 1953ms (cache miss)
506 timing reifyNode:node_modules/tweetnacl Completed in 2199ms
507 http fetch GET 200 https://registry.npmjs.org/qs/-/qs-6.8.0.tgz 1944ms (cache miss)
508 timing reifyNode:node_modules/qs Completed in 2196ms
509 http fetch GET 200 https://registry.npmjs.org/test-exclude 217ms (cache revalidated)
510 timing metavuln:packument:test-exclude Completed in 217ms
511 timing metavuln:load:security-advisory:test-exclude:+9SGwmlcalAea11K2GVsvQfjWw965zBttp7hAKanb2xCp8W9Pig14zX2S2nTcC9KSa0UHmcdnjQhUZp3zlW5IQ== Completed in 0ms
512 timing metavuln:calculate:security-advisory:test-exclude:+9SGwmlcalAea11K2GVsvQfjWw965zBttp7hAKanb2xCp8W9Pig14zX2S2nTcC9KSa0UHmcdnjQhUZp3zlW5IQ== Completed in 218ms
513 timing reifyNode:node_modules/@babel/traverse Completed in 2185ms
514 http fetch GET 200 https://registry.npmjs.org/glob 224ms (cache revalidated)
515 timing metavuln:packument:glob Completed in 225ms
516 timing metavuln:load:security-advisory:glob:+9SGwmlcalAea11K2GVsvQfjWw965zBttp7hAKanb2xCp8W9Pig14zX2S2nTcC9KSa0UHmcdnjQhUZp3zlW5IQ== Completed in 3ms
517 timing metavuln:calculate:security-advisory:glob:+9SGwmlcalAea11K2GVsvQfjWw965zBttp7hAKanb2xCp8W9Pig14zX2S2nTcC9KSa0UHmcdnjQhUZp3zlW5IQ== Completed in 229ms
518 timing auditReport:init Completed in 1296ms
519 timing reify:audit Completed in 2228ms
520 timing reifyNode:node_modules/js-yaml Completed in 2214ms
521 timing reifyNode:node_modules/diff Completed in 2210ms
522 timing reifyNode:node_modules/@babel/generator/node_modules/source-map Completed in 2215ms
523 http fetch GET 200 https://registry.npmjs.org/request/-/request-2.88.2.tgz 1993ms (cache miss)
524 timing reifyNode:node_modules/request Completed in 2243ms
525 timing reifyNode:node_modules/source-map Completed in 2247ms
526 timing reifyNode:node_modules/@istanbuljs/load-nyc-config/node_modules/js-yaml Completed in 2236ms
527 http fetch GET 200 https://registry.npmjs.org/psl/-/psl-1.8.0.tgz 2056ms (cache miss)
528 timing reifyNode:node_modules/psl Completed in 2310ms
529 timing reifyNode:node_modules/nyc/node_modules/yargs Completed in 2314ms
530 timing reifyNode:node_modules/yargs Completed in 2332ms
531 http fetch GET 200 https://registry.npmjs.org/nock/-/nock-10.0.6.tgz 2082ms (cache miss)
532 timing reifyNode:node_modules/nock Completed in 2340ms
533 http fetch GET 200 https://registry.npmjs.org/express-handlebars/-/express-handlebars-6.0.2.tgz 2030ms (cache miss)
534 timing reifyNode:node_modules/express-handlebars Completed in 2335ms
535 timing reifyNode:node_modules/chai Completed in 2355ms
536 http fetch GET 200 https://registry.npmjs.org/sshpk/-/sshpk-1.16.1.tgz 2126ms (cache miss)
537 timing reifyNode:node_modules/sshpk Completed in 2375ms
538 timing reifyNode:node_modules/@babel/parser Completed in 2372ms
539 timing reifyNode:node_modules/istanbul-reports Completed in 2398ms
540 timing reifyNode:node_modules/@babel/core Completed in 2389ms
541 http fetch GET 200 https://registry.npmjs.org/uglify-js/-/uglify-js-3.9.2.tgz 2183ms (cache miss)
542 timing reifyNode:node_modules/uglify-js Completed in 2428ms
543 http fetch GET 200 https://registry.npmjs.org/neo-async/-/neo-async-2.6.1.tgz 2169ms (cache miss)
544 timing reifyNode:node_modules/neo-async Completed in 2430ms
545 http fetch GET 200 https://registry.npmjs.org/uri-js/-/uri-js-4.2.2.tgz 2205ms (cache miss)
546 timing reifyNode:node_modules/uri-js Completed in 2448ms
547 http fetch GET 200 https://registry.npmjs.org/ajv/-/ajv-6.12.6.tgz 2179ms (cache miss)
548 timing reifyNode:node_modules/ajv Completed in 2508ms
549 timing reifyNode:node_modules/@babel/types Completed in 2516ms
550 timing reifyNode:node_modules/mocha Completed in 2662ms
551 http fetch GET 200 https://registry.npmjs.org/handlebars/-/handlebars-4.7.7.tgz 2410ms (cache miss)
552 timing reifyNode:node_modules/handlebars Completed in 2697ms
553 timing reifyNode:node_modules/caniuse-lite Completed in 2945ms
554 http fetch GET 200 https://registry.npmjs.org/lodash/-/lodash-4.17.21.tgz 2731ms (cache miss)
555 timing reifyNode:node_modules/lodash Completed in 2992ms
556 timing reify:unpack Completed in 3006ms
557 timing reify:unretire Completed in 1ms
558 timing build:queue Completed in 11ms
559 timing build:link:node_modules/@babel/parser Completed in 12ms
560 timing build:link:node_modules/@babel/core/node_modules/semver Completed in 10ms
561 timing build:link:node_modules/@babel/helper-compilation-targets/node_modules/semver Completed in 9ms
562 timing build:link:node_modules/@istanbuljs/load-nyc-config/node_modules/js-yaml Completed in 9ms
563 timing build:link:node_modules/istanbul-lib-instrument/node_modules/semver Completed in 9ms
564 timing build:link:node_modules/make-dir/node_modules/semver Completed in 9ms
565 timing build:link:node_modules/browserslist Completed in 12ms
566 timing build:link:node_modules/esprima Completed in 12ms
567 timing build:link:node_modules/handlebars Completed in 12ms
568 timing build:link:node_modules/he Completed in 12ms
569 timing build:link:node_modules/js-yaml Completed in 12ms
570 timing build:link:node_modules/jsesc Completed in 12ms
571 timing build:link:node_modules/json5 Completed in 11ms
572 timing build:link:node_modules/mime Completed in 11ms
573 timing build:link:node_modules/mkdirp Completed in 11ms
574 timing build:link:node_modules/mocha Completed in 11ms
575 timing build:link:node_modules/nanoid Completed in 11ms
576 timing build:link:node_modules/nyc Completed in 11ms
577 timing build:link:node_modules/rimraf Completed in 11ms
578 timing build:link:node_modules/semver Completed in 11ms
579 timing build:link:node_modules/sshpk Completed in 11ms
580 timing build:link:node_modules/uglify-js Completed in 11ms
581 timing build:link:node_modules/uuid Completed in 11ms
582 timing build:link:node_modules/which Completed in 11ms
583 timing build:link:node_modules/flat Completed in 13ms
584 timing build:link Completed in 15ms
585 timing build:deps Completed in 26ms
586 timing build Completed in 26ms
587 timing reify:build Completed in 27ms
588 timing reify:trash Completed in 5ms
589 timing reify:save Completed in 126ms
590 timing reify Completed in 3560ms
591 silly ADD node_modules/yocto-queue
592 silly ADD node_modules/yargs-unparser
593 silly ADD node_modules/yargs-unparser/node_modules/decamelize
594 silly ADD node_modules/yargs-unparser/node_modules/camelcase
595 silly ADD node_modules/yargs-parser
596 silly ADD node_modules/yargs
597 silly ADD node_modules/y18n
598 silly ADD node_modules/write-file-atomic
599 silly ADD node_modules/wrappy
600 silly ADD node_modules/wrap-ansi
601 silly ADD node_modules/workerpool
602 silly ADD node_modules/wordwrap
603 silly ADD node_modules/which-module
604 silly ADD node_modules/which
605 silly ADD node_modules/verror
606 silly ADD node_modules/vary
607 silly ADD node_modules/uuid
608 silly ADD node_modules/utils-merge
609 silly ADD node_modules/util-deprecate
610 silly ADD node_modules/uri-js
611 silly ADD node_modules/unpipe
612 silly ADD node_modules/uglify-js
613 silly ADD node_modules/typedarray-to-buffer
614 silly ADD node_modules/type-is
615 silly ADD node_modules/type-fest
616 silly ADD node_modules/type-detect
617 silly ADD node_modules/tweetnacl
618 silly ADD node_modules/tunnel-agent
619 silly ADD node_modules/tough-cookie
620 silly ADD node_modules/toidentifier
621 silly ADD node_modules/to-regex-range
622 silly ADD node_modules/to-fast-properties
623 silly ADD node_modules/test-exclude
624 silly ADD node_modules/supports-color
625 silly ADD node_modules/supertest
626 silly ADD node_modules/superagent
627 silly ADD node_modules/strip-json-comments
628 silly ADD node_modules/strip-bom
629 silly ADD node_modules/strip-ansi
630 silly ADD node_modules/string-width
631 silly ADD node_modules/string_decoder
632 silly ADD node_modules/statuses
633 silly ADD node_modules/sshpk
634 silly ADD node_modules/sprintf-js
635 silly ADD node_modules/spawn-wrap
636 silly ADD node_modules/source-map
637 silly ADD node_modules/signal-exit
638 silly ADD node_modules/shebang-regex
639 silly ADD node_modules/shebang-command
640 silly ADD node_modules/setprototypeof
641 silly ADD node_modules/set-blocking
642 silly ADD node_modules/serve-static
643 silly ADD node_modules/serialize-javascript
644 silly ADD node_modules/send
645 silly ADD node_modules/send/node_modules/debug
646 silly ADD node_modules/send/node_modules/debug/node_modules/ms
647 silly ADD node_modules/semver
648 silly ADD node_modules/safer-buffer
649 silly ADD node_modules/safe-buffer
650 silly ADD node_modules/rimraf
651 silly ADD node_modules/resolve-from
652 silly ADD node_modules/require-main-filename
653 silly ADD node_modules/require-directory
654 silly ADD node_modules/request
655 silly ADD node_modules/request/node_modules/qs
656 silly ADD node_modules/request/node_modules/form-data
657 silly ADD node_modules/release-zalgo
658 silly ADD node_modules/regexp.prototype.flags
659 silly ADD node_modules/readdirp
660 silly ADD node_modules/readable-stream
661 silly ADD node_modules/raw-body
662 silly ADD node_modules/range-parser
663 silly ADD node_modules/randombytes
664 silly ADD node_modules/qs
665 silly ADD node_modules/punycode
666 silly ADD node_modules/psl
667 silly ADD node_modules/proxy-addr
668 silly ADD node_modules/propagate
669 silly ADD node_modules/process-on-spawn
670 silly ADD node_modules/process-nextick-args
671 silly ADD node_modules/pkg-dir
672 silly ADD node_modules/pkg-dir/node_modules/p-locate
673 silly ADD node_modules/pkg-dir/node_modules/p-limit
674 silly ADD node_modules/pkg-dir/node_modules/locate-path
675 silly ADD node_modules/pkg-dir/node_modules/find-up
676 silly ADD node_modules/picomatch
677 silly ADD node_modules/picocolors
678 silly ADD node_modules/performance-now
679 silly ADD node_modules/pathval
680 silly ADD node_modules/path-to-regexp
681 silly ADD node_modules/path-key
682 silly ADD node_modules/path-is-absolute
683 silly ADD node_modules/path-exists
684 silly ADD node_modules/parseurl
685 silly ADD node_modules/package-hash
686 silly ADD node_modules/p-try
687 silly ADD node_modules/p-map
688 silly ADD node_modules/p-locate
689 silly ADD node_modules/p-limit
690 silly ADD node_modules/once
691 silly ADD node_modules/on-finished
692 silly ADD node_modules/object-keys
693 silly ADD node_modules/object-is
694 silly ADD node_modules/oauth-sign
695 silly ADD node_modules/nyc
696 silly ADD node_modules/nyc/node_modules/yargs-parser
697 silly ADD node_modules/nyc/node_modules/yargs
698 silly ADD node_modules/nyc/node_modules/y18n
699 silly ADD node_modules/nyc/node_modules/wrap-ansi
700 silly ADD node_modules/nyc/node_modules/p-locate
701 silly ADD node_modules/nyc/node_modules/p-limit
702 silly ADD node_modules/nyc/node_modules/locate-path
703 silly ADD node_modules/nyc/node_modules/find-up
704 silly ADD node_modules/nyc/node_modules/cliui
705 silly ADD node_modules/normalize-path
706 silly ADD node_modules/node-releases
707 silly ADD node_modules/node-preload
708 silly ADD node_modules/nock
709 silly ADD node_modules/nock/node_modules/debug
710 silly ADD node_modules/neo-async
711 silly ADD node_modules/negotiator
712 silly ADD node_modules/nanoid
713 silly ADD node_modules/ms
714 silly ADD node_modules/mocha
715 silly ADD node_modules/mocha/node_modules/ms
716 silly ADD node_modules/mocha/node_modules/debug
717 silly ADD node_modules/mocha/node_modules/debug/node_modules/ms
718 silly ADD node_modules/mkdirp
719 silly ADD node_modules/minimist
720 silly ADD node_modules/minimatch
721 silly ADD node_modules/mime-types
722 silly ADD node_modules/mime-db
723 silly ADD node_modules/mime
724 silly ADD node_modules/methods
725 silly ADD node_modules/merge-descriptors
726 silly ADD node_modules/media-typer
727 silly ADD node_modules/make-dir
728 silly ADD node_modules/make-dir/node_modules/semver
729 silly ADD node_modules/log-symbols
730 silly ADD node_modules/lodash.flattendeep
731 silly ADD node_modules/lodash
732 silly ADD node_modules/locate-path
733 silly ADD node_modules/jsprim
734 silly ADD node_modules/json5
735 silly ADD node_modules/json-stringify-safe
736 silly ADD node_modules/json-schema-traverse
737 silly ADD node_modules/json-schema
738 silly ADD node_modules/jsesc
739 silly ADD node_modules/jsbn
740 silly ADD node_modules/js-yaml
741 silly ADD node_modules/js-tokens
742 silly ADD node_modules/istanbul-reports
743 silly ADD node_modules/istanbul-lib-source-maps
744 silly ADD node_modules/istanbul-lib-source-maps/node_modules/ms
745 silly ADD node_modules/istanbul-lib-source-maps/node_modules/debug
746 silly ADD node_modules/istanbul-lib-report
747 silly ADD node_modules/istanbul-lib-report/node_modules/supports-color
748 silly ADD node_modules/istanbul-lib-processinfo
749 silly ADD node_modules/istanbul-lib-instrument
750 silly ADD node_modules/istanbul-lib-instrument/node_modules/semver
751 silly ADD node_modules/istanbul-lib-hook
752 silly ADD node_modules/istanbul-lib-coverage
753 silly ADD node_modules/isstream
754 silly ADD node_modules/isexe
755 silly ADD node_modules/isarray
756 silly ADD node_modules/is-windows
757 silly ADD node_modules/is-unicode-supported
758 silly ADD node_modules/is-typedarray
759 silly ADD node_modules/is-stream
760 silly ADD node_modules/is-regex
761 silly ADD node_modules/is-plain-obj
762 silly ADD node_modules/is-number
763 silly ADD node_modules/is-glob
764 silly ADD node_modules/is-fullwidth-code-point
765 silly ADD node_modules/is-extglob
766 silly ADD node_modules/is-date-object
767 silly ADD node_modules/is-binary-path
768 silly ADD node_modules/is-arguments
769 silly ADD node_modules/ipaddr.js
770 silly ADD node_modules/inherits
771 silly ADD node_modules/inflight
772 silly ADD node_modules/indent-string
773 silly ADD node_modules/imurmurhash
774 silly ADD node_modules/iconv-lite
775 silly ADD node_modules/http-signature
776 silly ADD node_modules/http-errors
777 silly ADD node_modules/http-errors/node_modules/inherits
778 silly ADD node_modules/html-escaper
779 silly ADD node_modules/he
780 silly ADD node_modules/hasha
781 silly ADD node_modules/has-flag
782 silly ADD node_modules/has
783 silly ADD node_modules/har-validator
784 silly ADD node_modules/har-schema
785 silly ADD node_modules/handlebars
786 silly ADD node_modules/growl
787 silly ADD node_modules/graceful-fs
788 silly ADD node_modules/globals
789 silly ADD node_modules/glob-parent
790 silly ADD node_modules/glob
791 silly ADD node_modules/getpass
792 silly ADD node_modules/get-package-type
793 silly ADD node_modules/get-func-name
794 silly ADD node_modules/get-caller-file
795 silly ADD node_modules/gensync
796 silly ADD node_modules/function-bind
797 silly ADD
798 silly ADD node_modules/fs.realpath
799 silly ADD node_modules/fromentries
800 silly ADD node_modules/fresh
801 silly ADD node_modules/forwarded
802 silly ADD node_modules/formidable
803 silly ADD node_modules/form-data
804 silly ADD node_modules/forever-agent
805 silly ADD node_modules/foreground-child
806 silly ADD node_modules/flat
807 silly ADD node_modules/find-up
808 silly ADD node_modules/find-cache-dir
809 silly ADD node_modules/finalhandler
810 silly ADD node_modules/finalhandler/node_modules/ms
811 silly ADD node_modules/finalhandler/node_modules/debug
812 silly ADD node_modules/fill-range
813 silly ADD node_modules/fast-json-stable-stringify
814 silly ADD node_modules/fast-deep-equal
815 silly ADD node_modules/extsprintf
816 silly ADD node_modules/extend
817 silly ADD node_modules/express-handlebars
818 silly ADD node_modules/express
819 silly ADD node_modules/express/node_modules/qs
820 silly ADD node_modules/express/node_modules/ms
821 silly ADD node_modules/express/node_modules/debug
822 silly ADD node_modules/etag
823 silly ADD node_modules/esprima
824 silly ADD node_modules/escape-string-regexp
825 silly ADD node_modules/escape-html
826 silly ADD node_modules/escalade
827 silly ADD node_modules/es6-error
828 silly ADD node_modules/encodeurl
829 silly ADD node_modules/emoji-regex
830 silly ADD node_modules/electron-to-chromium
831 silly ADD node_modules/ee-first
832 silly ADD node_modules/ecc-jsbn
833 silly ADD node_modules/diff
834 silly ADD node_modules/destroy
835 silly ADD node_modules/depd
836 silly ADD node_modules/delayed-stream
837 silly ADD node_modules/define-properties
838 silly ADD node_modules/default-require-extensions
839 silly ADD node_modules/deep-equal
840 silly ADD node_modules/deep-eql
841 silly ADD node_modules/decamelize
842 silly ADD node_modules/debug
843 silly ADD node_modules/dashdash
844 silly ADD node_modules/cross-spawn
845 silly ADD node_modules/core-util-is
846 silly ADD node_modules/cookiejar
847 silly ADD node_modules/cookie-signature
848 silly ADD node_modules/cookie
849 silly ADD node_modules/convert-source-map
850 silly ADD node_modules/content-type
851 silly ADD node_modules/content-disposition
852 silly ADD node_modules/concat-map
853 silly ADD node_modules/component-emitter
854 silly ADD node_modules/commondir
855 silly ADD node_modules/commander
856 silly ADD node_modules/combined-stream
857 silly ADD node_modules/color-name
858 silly ADD node_modules/color-convert
859 silly ADD node_modules/cliui
860 silly ADD node_modules/clean-stack
861 silly ADD node_modules/chokidar
862 silly ADD node_modules/check-error
863 silly ADD node_modules/chalk
864 silly ADD node_modules/chalk/node_modules/supports-color
865 silly ADD node_modules/chai
866 silly ADD node_modules/caseless
867 silly ADD node_modules/caniuse-lite
868 silly ADD node_modules/camelcase
869 silly ADD node_modules/caching-transform
870 silly ADD node_modules/bytes
871 silly ADD node_modules/browserslist
872 silly ADD node_modules/browser-stdout
873 silly ADD node_modules/braces
874 silly ADD node_modules/brace-expansion
875 silly ADD node_modules/body-parser
876 silly ADD node_modules/body-parser/node_modules/qs
877 silly ADD node_modules/body-parser/node_modules/ms
878 silly ADD node_modules/body-parser/node_modules/debug
879 silly ADD node_modules/binary-extensions
880 silly ADD node_modules/bcrypt-pbkdf
881 silly ADD node_modules/balanced-match
882 silly ADD node_modules/aws4
883 silly ADD node_modules/aws-sign2
884 silly ADD node_modules/asynckit
885 silly ADD node_modules/assertion-error
886 silly ADD node_modules/assert-plus
887 silly ADD node_modules/asn1
888 silly ADD node_modules/array-flatten
889 silly ADD node_modules/argparse
890 silly ADD node_modules/archy
891 silly ADD node_modules/append-transform
892 silly ADD node_modules/anymatch
893 silly ADD node_modules/ansi-styles
894 silly ADD node_modules/ansi-regex
895 silly ADD node_modules/ansi-colors
896 silly ADD node_modules/ajv
897 silly ADD node_modules/aggregate-error
898 silly ADD node_modules/accepts
899 silly ADD node_modules/@ungap/promise-all-settled
900 silly ADD node_modules/@jridgewell/trace-mapping
901 silly ADD node_modules/@jridgewell/sourcemap-codec
902 silly ADD node_modules/@jridgewell/resolve-uri
903 silly ADD node_modules/@istanbuljs/schema
904 silly ADD node_modules/@istanbuljs/load-nyc-config
905 silly ADD node_modules/@istanbuljs/load-nyc-config/node_modules/p-locate
906 silly ADD node_modules/@istanbuljs/load-nyc-config/node_modules/p-limit
907 silly ADD node_modules/@istanbuljs/load-nyc-config/node_modules/locate-path
908 silly ADD node_modules/@istanbuljs/load-nyc-config/node_modules/js-yaml
909 silly ADD node_modules/@istanbuljs/load-nyc-config/node_modules/find-up
910 silly ADD node_modules/@istanbuljs/load-nyc-config/node_modules/argparse
911 silly ADD node_modules/@babel/types
912 silly ADD node_modules/@babel/traverse
913 silly ADD node_modules/@babel/traverse/node_modules/ms
914 silly ADD node_modules/@babel/traverse/node_modules/debug
915 silly ADD node_modules/@babel/template
916 silly ADD node_modules/@babel/parser
917 silly ADD node_modules/@babel/highlight
918 silly ADD node_modules/@babel/highlight/node_modules/supports-color
919 silly ADD node_modules/@babel/highlight/node_modules/has-flag
920 silly ADD node_modules/@babel/highlight/node_modules/escape-string-regexp
921 silly ADD node_modules/@babel/highlight/node_modules/color-name
922 silly ADD node_modules/@babel/highlight/node_modules/color-convert
923 silly ADD node_modules/@babel/highlight/node_modules/chalk
924 silly ADD node_modules/@babel/highlight/node_modules/ansi-styles
925 silly ADD node_modules/@babel/helpers
926 silly ADD node_modules/@babel/helper-validator-option
927 silly ADD node_modules/@babel/helper-validator-identifier
928 silly ADD node_modules/@babel/helper-split-export-declaration
929 silly ADD node_modules/@babel/helper-simple-access
930 silly ADD node_modules/@babel/helper-module-transforms
931 silly ADD node_modules/@babel/helper-module-imports
932 silly ADD node_modules/@babel/helper-hoist-variables
933 silly ADD node_modules/@babel/helper-get-function-arity
934 silly ADD node_modules/@babel/helper-function-name
935 silly ADD node_modules/@babel/helper-environment-visitor
936 silly ADD node_modules/@babel/helper-compilation-targets
937 silly ADD node_modules/@babel/helper-compilation-targets/node_modules/semver
938 silly ADD node_modules/@babel/generator
939 silly ADD node_modules/@babel/generator/node_modules/source-map
940 silly ADD node_modules/@babel/core
941 silly ADD node_modules/@babel/core/node_modules/semver
942 silly ADD node_modules/@babel/core/node_modules/ms
943 silly ADD node_modules/@babel/core/node_modules/debug
944 silly ADD node_modules/@babel/compat-data
945 silly ADD node_modules/@babel/code-frame
946 silly ADD node_modules/@ampproject/remapping
947 timing command:install Completed in 3586ms
948 verbose exit 0
949 timing npm Completed in 3699ms
950 info ok
